INFO  - Written to 'owner.json' successfully.
INFO  - Written to 'owner.json' successfully.
INFO  - Written to 'actionsLog.txt' successfully.
INFO  - Written to 'actionsLog.txt' successfully.
INFO  - Written to 'actionsLog.txt' successfully.
INFO  - Written to 'owner.json' successfully.
INFO  - Written to 'actionsLog.txt' successfully.
INFO  - Written to 'tasks.txt' successfully.
INFO  - Written to 'owner.json' successfully.
INFO  - Written to 'owner.json' successfully.
INFO  - Written to 'owner.json' successfully.
INFO  - Written to 'owner.json' successfully.
INFO  - Written to 'owner.json' successfully.
INFO  - Rick Grimes is starting task: Feed animals
INFO  - Written to 'actionsLog.txt' successfully.
INFO  - Rick Grimes has completed the task: Feed animals
INFO  - Written to 'tasks.txt' successfully.
INFO  - Written to 'owner.json' successfully.
INFO  - Hershell Greene is starting task: DO something
INFO  - Written to 'actionsLog.txt' successfully.
INFO  - Hershell Greene has completed the task: DO something
INFO  - Written to 'tasks.txt' successfully.
INFO  - Written to 'owner.json' successfully.
